<?xml version="1.0" encoding="UTF-8"?>
<!-- Generated by org.testng.reporters.JUnitReportReporter -->
<testsuite hostname="DESKTOP-GT3K7TQ" failures="0" tests="1" name="testClassPackage.post_tc_11" time="7.610" errors="0" timestamp="2023-05-27T13:54:05 IST" skipped="0">
  <testcase classname="testClassPackage.post_tc_11" name="execute" time="7.610"/>
  <system-out/>
</testsuite> <!-- testClassPackage.post_tc_11 -->
