<?xml version="1.0" encoding="UTF-8"?>
<!-- Generated by org.testng.reporters.JUnitReportReporter -->
<testsuite hostname="DESKTOP-GT3K7TQ" failures="0" tests="1" name="testClassPackage.post_tc_12" time="1.186" errors="0" timestamp="2023-05-27T13:54:05 IST" skipped="0">
  <testcase classname="testClassPackage.post_tc_12" name="execute" time="1.186"/>
  <system-out/>
</testsuite> <!-- testClassPackage.post_tc_12 -->
